  main.cpp
c:\users\zambo\documents\cs3113\hw5\nyucodebase\main.cpp(67): warning C4244: 'return': conversion from 'double' to 'float', possible loss of data
c:\users\zambo\documents\cs3113\hw5\nyucodebase\main.cpp(78): warning C4244: 'argument': conversion from 'double' to 'float', possible loss of data
c:\users\zambo\documents\cs3113\hw5\nyucodebase\main.cpp(178): warning C4018: '<': signed/unsigned mismatch
c:\users\zambo\documents\cs3113\hw5\nyucodebase\main.cpp(207): warning C4244: '+=': conversion from 'double' to 'float', possible loss of data
c:\users\zambo\documents\cs3113\hw5\nyucodebase\main.cpp(209): warning C4244: '-=': conversion from 'double' to 'float', possible loss of data
c:\users\zambo\documents\cs3113\hw5\nyucodebase\main.cpp(213): warning C4244: '+=': conversion from 'double' to 'float', possible loss of data
c:\users\zambo\documents\cs3113\hw5\nyucodebase\main.cpp(215): warning C4244: '-=': conversion from 'double' to 'float', possible loss of data
c:\users\zambo\documents\cs3113\hw5\nyucodebase\main.cpp(229): warning C4018: '<': signed/unsigned mismatch
c:\users\zambo\documents\cs3113\hw5\nyucodebase\main.cpp(300): warning C4018: '<': signed/unsigned mismatch
c:\users\zambo\documents\cs3113\hw5\nyucodebase\main.cpp(303): warning C4018: '<': signed/unsigned mismatch
c:\users\zambo\documents\cs3113\hw5\nyucodebase\main.cpp(317): warning C4244: 'initializing': conversion from 'double' to 'float', possible loss of data
c:\users\zambo\documents\cs3113\hw5\nyucodebase\main.cpp(318): warning C4244: 'initializing': conversion from 'double' to 'float', possible loss of data
c:\users\zambo\documents\cs3113\hw5\nyucodebase\main.cpp(320): warning C4244: 'initializing': conversion from 'double' to 'float', possible loss of data
c:\users\zambo\documents\cs3113\hw5\nyucodebase\main.cpp(347): warning C4018: '<': signed/unsigned mismatch
c:\users\zambo\documents\cs3113\hw5\nyucodebase\main.cpp(365): warning C4018: '<': signed/unsigned mismatch
c:\users\zambo\documents\cs3113\hw5\nyucodebase\main.cpp(389): warning C4018: '<': signed/unsigned mismatch
c:\users\zambo\documents\cs3113\hw5\nyucodebase\main.cpp(397): warning C4018: '<': signed/unsigned mismatch
c:\users\zambo\documents\cs3113\hw5\nyucodebase\main.cpp(444): warning C4305: '=': truncation from 'double' to 'float'
c:\users\zambo\documents\cs3113\hw5\nyucodebase\main.cpp(448): warning C4305: '=': truncation from 'double' to 'float'
c:\users\zambo\documents\cs3113\hw5\nyucodebase\main.cpp(452): warning C4305: '=': truncation from 'double' to 'float'
c:\users\zambo\documents\cs3113\hw5\nyucodebase\main.cpp(456): warning C4305: '=': truncation from 'double' to 'float'
c:\users\zambo\documents\cs3113\hw5\nyucodebase\main.cpp(461): warning C4305: '=': truncation from 'double' to 'float'
c:\users\zambo\documents\cs3113\hw5\nyucodebase\main.cpp(465): warning C4305: '=': truncation from 'double' to 'float'
c:\users\zambo\documents\cs3113\hw5\nyucodebase\main.cpp(469): warning C4305: '=': truncation from 'double' to 'float'
c:\users\zambo\documents\cs3113\hw5\nyucodebase\main.cpp(473): warning C4305: '=': truncation from 'double' to 'float'
c:\users\zambo\documents\cs3113\hw5\nyucodebase\main.cpp(479): warning C4244: '+=': conversion from 'double' to 'float', possible loss of data
c:\users\zambo\documents\cs3113\hw5\nyucodebase\main.cpp(480): warning C4244: '+=': conversion from 'double' to 'float', possible loss of data
c:\users\zambo\documents\cs3113\hw5\nyucodebase\main.cpp(482): warning C4244: '-=': conversion from 'double' to 'float', possible loss of data
c:\users\zambo\documents\cs3113\hw5\nyucodebase\main.cpp(483): warning C4244: '-=': conversion from 'double' to 'float', possible loss of data
c:\users\zambo\documents\cs3113\hw5\nyucodebase\main.cpp(487): warning C4244: '+=': conversion from 'double' to 'float', possible loss of data
c:\users\zambo\documents\cs3113\hw5\nyucodebase\main.cpp(488): warning C4244: '+=': conversion from 'double' to 'float', possible loss of data
c:\users\zambo\documents\cs3113\hw5\nyucodebase\main.cpp(490): warning C4244: '-=': conversion from 'double' to 'float', possible loss of data
c:\users\zambo\documents\cs3113\hw5\nyucodebase\main.cpp(491): warning C4244: '-=': conversion from 'double' to 'float', possible loss of data
c:\users\zambo\documents\cs3113\hw5\nyucodebase\main.cpp(495): warning C4244: '+=': conversion from 'double' to 'float', possible loss of data
c:\users\zambo\documents\cs3113\hw5\nyucodebase\main.cpp(496): warning C4244: '+=': conversion from 'double' to 'float', possible loss of data
c:\users\zambo\documents\cs3113\hw5\nyucodebase\main.cpp(498): warning C4244: '-=': conversion from 'double' to 'float', possible loss of data
c:\users\zambo\documents\cs3113\hw5\nyucodebase\main.cpp(499): warning C4244: '-=': conversion from 'double' to 'float', possible loss of data
c:\users\zambo\documents\cs3113\hw5\nyucodebase\main.cpp(558): warning C4305: 'argument': truncation from 'double' to 'float'
  ShaderProgram.cpp
  Generating Code...
  NYUCodebase.vcxproj -> C:\Users\Zambo\Documents\CS3113\HW5\Debug\NYUCodebase.exe
  NYUCodebase.vcxproj -> C:\Users\Zambo\Documents\CS3113\HW5\Debug\NYUCodebase.pdb (Full PDB)
