  ShaderProgram.cpp
  Matrix.cpp
c:\users\zambo\documents\cs3113\hw6-sound\nyucodebase\matrix.cpp(148): warning C4244: '=': conversion from 'double' to 'float', possible loss of data
c:\users\zambo\documents\cs3113\hw6-sound\nyucodebase\matrix.cpp(149): warning C4244: '=': conversion from 'double' to 'float', possible loss of data
c:\users\zambo\documents\cs3113\hw6-sound\nyucodebase\matrix.cpp(150): warning C4244: '=': conversion from 'double' to 'float', possible loss of data
c:\users\zambo\documents\cs3113\hw6-sound\nyucodebase\matrix.cpp(151): warning C4244: '=': conversion from 'double' to 'float', possible loss of data
c:\users\zambo\documents\cs3113\hw6-sound\nyucodebase\matrix.cpp(165): warning C4244: '=': conversion from 'double' to 'float', possible loss of data
c:\users\zambo\documents\cs3113\hw6-sound\nyucodebase\matrix.cpp(166): warning C4244: '=': conversion from 'double' to 'float', possible loss of data
c:\users\zambo\documents\cs3113\hw6-sound\nyucodebase\matrix.cpp(167): warning C4244: '=': conversion from 'double' to 'float', possible loss of data
c:\users\zambo\documents\cs3113\hw6-sound\nyucodebase\matrix.cpp(168): warning C4244: '=': conversion from 'double' to 'float', possible loss of data
c:\users\zambo\documents\cs3113\hw6-sound\nyucodebase\matrix.cpp(172): warning C4244: '=': conversion from 'double' to 'float', possible loss of data
c:\users\zambo\documents\cs3113\hw6-sound\nyucodebase\matrix.cpp(173): warning C4244: '=': conversion from 'double' to 'float', possible loss of data
c:\users\zambo\documents\cs3113\hw6-sound\nyucodebase\matrix.cpp(174): warning C4244: '=': conversion from 'double' to 'float', possible loss of data
c:\users\zambo\documents\cs3113\hw6-sound\nyucodebase\matrix.cpp(175): warning C4244: '=': conversion from 'double' to 'float', possible loss of data
c:\users\zambo\documents\cs3113\hw6-sound\nyucodebase\matrix.cpp(213): warning C4244: 'argument': conversion from 'double' to 'float', possible loss of data
c:\users\zambo\documents\cs3113\hw6-sound\nyucodebase\matrix.cpp(214): warning C4244: 'argument': conversion from 'double' to 'float', possible loss of data
  main.cpp
c:\users\zambo\documents\cs3113\hw6-sound\nyucodebase\main.cpp(48): warning C4244: '=': conversion from 'double' to 'float', possible loss of data
c:\users\zambo\documents\cs3113\hw6-sound\nyucodebase\main.cpp(49): warning C4244: '=': conversion from 'double' to 'float', possible loss of data
c:\users\zambo\documents\cs3113\hw6-sound\nyucodebase\main.cpp(86): warning C4244: '+=': conversion from 'double' to 'float', possible loss of data
c:\users\zambo\documents\cs3113\hw6-sound\nyucodebase\main.cpp(87): warning C4244: '+=': conversion from 'double' to 'float', possible loss of data
c:\users\zambo\documents\cs3113\hw6-sound\nyucodebase\main.cpp(123): warning C4018: '<': signed/unsigned mismatch
c:\users\zambo\documents\cs3113\hw6-sound\nyucodebase\main.cpp(208): warning C4305: 'argument': truncation from 'double' to 'float'
c:\users\zambo\documents\cs3113\hw6-sound\nyucodebase\main.cpp(217): warning C4305: 'argument': truncation from 'double' to 'float'
c:\users\zambo\documents\cs3113\hw6-sound\nyucodebase\main.cpp(223): warning C4305: 'argument': truncation from 'double' to 'float'
c:\users\zambo\documents\cs3113\hw6-sound\nyucodebase\main.cpp(239): warning C4244: 'argument': conversion from 'double' to 'float', possible loss of data
c:\users\zambo\documents\cs3113\hw6-sound\nyucodebase\main.cpp(239): warning C4305: 'argument': truncation from 'double' to 'float'
c:\users\zambo\documents\cs3113\hw6-sound\nyucodebase\main.cpp(288): warning C4305: 'argument': truncation from 'double' to 'float'
c:\users\zambo\documents\cs3113\hw6-sound\nyucodebase\main.cpp(335): warning C4305: '-=': truncation from 'double' to 'float'
c:\users\zambo\documents\cs3113\hw6-sound\nyucodebase\main.cpp(340): warning C4305: '-=': truncation from 'double' to 'float'
c:\users\zambo\documents\cs3113\hw6-sound\nyucodebase\main.cpp(375): warning C4305: 'argument': truncation from 'double' to 'float'
  Generating Code...
  NYUCodebase.vcxproj -> C:\Users\Zambo\Documents\CS3113\HW6-sound\Debug\NYUCodebase.exe
  NYUCodebase.vcxproj -> C:\Users\Zambo\Documents\CS3113\HW6-sound\Debug\NYUCodebase.pdb (Full PDB)
